2020-05-22T04:58:29+00:00 CRITICAL Uncaught Error: Class 'SoapClient' not found in /home/bebestam/public_html/wp-content/plugins/woocommerce-ameria-payment-gateway-pretty-master/woocommerce-ameria-payment-gateway-pretty.php:278
Stack trace:
#0 /home/bebestam/public_html/wp-content/plugins/woocommerce/includes/class-wc-checkout.php(938): WC_Ameria_Payment_Gateway_Pretty->process_payment(1234)
#1 /home/bebestam/public_html/wp-content/plugins/woocommerce/includes/class-wc-checkout.php(1141): WC_Checkout->process_order_payment(1234, 'WC_Ameria_Payme...')
#2 /home/bebestam/public_html/wp-content/plugins/woocommerce/includes/class-wc-ajax.php(464): WC_Checkout->process_checkout()
#3 /home/bebestam/public_html/wp-includes/class-wp-hook.php(287): WC_AJAX::checkout('')
#4 /home/bebestam/public_html/wp-includes/class-wp-hook.php(311): WP_Hook->apply_filters('', Array)
#5 /home/bebestam/public_html/wp-includes/plugin.php(478): WP_Hook->do_action(Array)
#6 /home/bebestam/public_html/wp-content/plugins/woocommerce/includes/class-wc-ajax.php(89): do_action( in /home/bebestam/public_html/wp-content/plugins/woocommerce-ameria-payment-gateway-pretty-master/woocommerce-ameria-payment-gateway-pretty.php on line 278

2020-05-22T05:20:17+00:00 CRITICAL Uncaught Error: Class 'SoapClient' not found in /home/bebestam/public_html/wp-content/plugins/woocommerce-ameria-payment-gateway-pretty-master/woocommerce-ameria-payment-gateway-pretty.php:278
Stack trace:
#0 /home/bebestam/public_html/wp-content/plugins/woocommerce/includes/class-wc-checkout.php(938): WC_Ameria_Payment_Gateway_Pretty->process_payment(1234)
#1 /home/bebestam/public_html/wp-content/plugins/woocommerce/includes/class-wc-checkout.php(1141): WC_Checkout->process_order_payment(1234, 'WC_Ameria_Payme...')
#2 /home/bebestam/public_html/wp-content/plugins/woocommerce/includes/class-wc-ajax.php(464): WC_Checkout->process_checkout()
#3 /home/bebestam/public_html/wp-includes/class-wp-hook.php(287): WC_AJAX::checkout('')
#4 /home/bebestam/public_html/wp-includes/class-wp-hook.php(311): WP_Hook->apply_filters('', Array)
#5 /home/bebestam/public_html/wp-includes/plugin.php(478): WP_Hook->do_action(Array)
#6 /home/bebestam/public_html/wp-content/plugins/woocommerce/includes/class-wc-ajax.php(89): do_action( in /home/bebestam/public_html/wp-content/plugins/woocommerce-ameria-payment-gateway-pretty-master/woocommerce-ameria-payment-gateway-pretty.php on line 278

2020-05-22T05:31:31+00:00 CRITICAL Uncaught Error: Class 'SoapClient' not found in /home/bebestam/public_html/wp-content/plugins/woocommerce-ameria-payment-gateway-pretty-master/woocommerce-ameria-payment-gateway-pretty.php:278
Stack trace:
#0 /home/bebestam/public_html/wp-content/plugins/woocommerce/includes/class-wc-checkout.php(938): WC_Ameria_Payment_Gateway_Pretty->process_payment(1234)
#1 /home/bebestam/public_html/wp-content/plugins/woocommerce/includes/class-wc-checkout.php(1141): WC_Checkout->process_order_payment(1234, 'WC_Ameria_Payme...')
#2 /home/bebestam/public_html/wp-content/plugins/woocommerce/includes/class-wc-ajax.php(464): WC_Checkout->process_checkout()
#3 /home/bebestam/public_html/wp-includes/class-wp-hook.php(287): WC_AJAX::checkout('')
#4 /home/bebestam/public_html/wp-includes/class-wp-hook.php(311): WP_Hook->apply_filters('', Array)
#5 /home/bebestam/public_html/wp-includes/plugin.php(478): WP_Hook->do_action(Array)
#6 /home/bebestam/public_html/wp-content/plugins/woocommerce/includes/class-wc-ajax.php(89): do_action( in /home/bebestam/public_html/wp-content/plugins/woocommerce-ameria-payment-gateway-pretty-master/woocommerce-ameria-payment-gateway-pretty.php on line 278

2020-05-22T05:32:16+00:00 CRITICAL Uncaught Error: Class 'SoapClient' not found in /home/bebestam/public_html/wp-content/plugins/woocommerce-ameria-payment-gateway-pretty-master/woocommerce-ameria-payment-gateway-pretty.php:278
Stack trace:
#0 /home/bebestam/public_html/wp-content/plugins/woocommerce/includes/class-wc-checkout.php(938): WC_Ameria_Payment_Gateway_Pretty->process_payment(1234)
#1 /home/bebestam/public_html/wp-content/plugins/woocommerce/includes/class-wc-checkout.php(1141): WC_Checkout->process_order_payment(1234, 'WC_Ameria_Payme...')
#2 /home/bebestam/public_html/wp-content/plugins/woocommerce/includes/class-wc-ajax.php(464): WC_Checkout->process_checkout()
#3 /home/bebestam/public_html/wp-includes/class-wp-hook.php(287): WC_AJAX::checkout('')
#4 /home/bebestam/public_html/wp-includes/class-wp-hook.php(311): WP_Hook->apply_filters('', Array)
#5 /home/bebestam/public_html/wp-includes/plugin.php(478): WP_Hook->do_action(Array)
#6 /home/bebestam/public_html/wp-content/plugins/woocommerce/includes/class-wc-ajax.php(89): do_action( in /home/bebestam/public_html/wp-content/plugins/woocommerce-ameria-payment-gateway-pretty-master/woocommerce-ameria-payment-gateway-pretty.php on line 278

2020-05-22T05:32:57+00:00 CRITICAL Uncaught Error: Class 'SoapClient' not found in /home/bebestam/public_html/wp-content/plugins/woocommerce-ameria-payment-gateway-pretty-master/woocommerce-ameria-payment-gateway-pretty.php:278
Stack trace:
#0 /home/bebestam/public_html/wp-content/plugins/woocommerce/includes/class-wc-checkout.php(938): WC_Ameria_Payment_Gateway_Pretty->process_payment(1234)
#1 /home/bebestam/public_html/wp-content/plugins/woocommerce/includes/class-wc-checkout.php(1141): WC_Checkout->process_order_payment(1234, 'WC_Ameria_Payme...')
#2 /home/bebestam/public_html/wp-content/plugins/woocommerce/includes/class-wc-ajax.php(464): WC_Checkout->process_checkout()
#3 /home/bebestam/public_html/wp-includes/class-wp-hook.php(287): WC_AJAX::checkout('')
#4 /home/bebestam/public_html/wp-includes/class-wp-hook.php(311): WP_Hook->apply_filters('', Array)
#5 /home/bebestam/public_html/wp-includes/plugin.php(478): WP_Hook->do_action(Array)
#6 /home/bebestam/public_html/wp-content/plugins/woocommerce/includes/class-wc-ajax.php(89): do_action( in /home/bebestam/public_html/wp-content/plugins/woocommerce-ameria-payment-gateway-pretty-master/woocommerce-ameria-payment-gateway-pretty.php on line 278

2020-05-22T05:59:52+00:00 CRITICAL Uncaught Error: Class 'SoapClient' not found in /home/bebestam/public_html/wp-content/plugins/woocommerce-ameria-payment-gateway-pretty-master/woocommerce-ameria-payment-gateway-pretty.php:278
Stack trace:
#0 /home/bebestam/public_html/wp-content/plugins/woocommerce/includes/class-wc-checkout.php(938): WC_Ameria_Payment_Gateway_Pretty->process_payment(1235)
#1 /home/bebestam/public_html/wp-content/plugins/woocommerce/includes/class-wc-checkout.php(1141): WC_Checkout->process_order_payment(1235, 'WC_Ameria_Payme...')
#2 /home/bebestam/public_html/wp-content/plugins/woocommerce/includes/class-wc-ajax.php(464): WC_Checkout->process_checkout()
#3 /home/bebestam/public_html/wp-includes/class-wp-hook.php(287): WC_AJAX::checkout('')
#4 /home/bebestam/public_html/wp-includes/class-wp-hook.php(311): WP_Hook->apply_filters('', Array)
#5 /home/bebestam/public_html/wp-includes/plugin.php(478): WP_Hook->do_action(Array)
#6 /home/bebestam/public_html/wp-content/plugins/woocommerce/includes/class-wc-ajax.php(89): do_action( in /home/bebestam/public_html/wp-content/plugins/woocommerce-ameria-payment-gateway-pretty-master/woocommerce-ameria-payment-gateway-pretty.php on line 278

2020-05-22T06:01:43+00:00 CRITICAL Uncaught Error: Class 'SoapClient' not found in /home/bebestam/public_html/wp-content/plugins/woocommerce-ameria-payment-gateway-pretty-master/woocommerce-ameria-payment-gateway-pretty.php:278
Stack trace:
#0 /home/bebestam/public_html/wp-content/plugins/woocommerce/includes/class-wc-checkout.php(938): WC_Ameria_Payment_Gateway_Pretty->process_payment(1236)
#1 /home/bebestam/public_html/wp-content/plugins/woocommerce/includes/class-wc-checkout.php(1141): WC_Checkout->process_order_payment(1236, 'WC_Ameria_Payme...')
#2 /home/bebestam/public_html/wp-content/plugins/woocommerce/includes/class-wc-ajax.php(464): WC_Checkout->process_checkout()
#3 /home/bebestam/public_html/wp-includes/class-wp-hook.php(287): WC_AJAX::checkout('')
#4 /home/bebestam/public_html/wp-includes/class-wp-hook.php(311): WP_Hook->apply_filters('', Array)
#5 /home/bebestam/public_html/wp-includes/plugin.php(478): WP_Hook->do_action(Array)
#6 /home/bebestam/public_html/wp-content/plugins/woocommerce/includes/class-wc-ajax.php(89): do_action( in /home/bebestam/public_html/wp-content/plugins/woocommerce-ameria-payment-gateway-pretty-master/woocommerce-ameria-payment-gateway-pretty.php on line 278

2020-05-22T06:02:19+00:00 CRITICAL Uncaught Error: Class 'SoapClient' not found in /home/bebestam/public_html/wp-content/plugins/woocommerce-ameria-payment-gateway-pretty-master/woocommerce-ameria-payment-gateway-pretty.php:278
Stack trace:
#0 /home/bebestam/public_html/wp-content/plugins/woocommerce/includes/class-wc-checkout.php(938): WC_Ameria_Payment_Gateway_Pretty->process_payment(1235)
#1 /home/bebestam/public_html/wp-content/plugins/woocommerce/includes/class-wc-checkout.php(1141): WC_Checkout->process_order_payment(1235, 'WC_Ameria_Payme...')
#2 /home/bebestam/public_html/wp-content/plugins/woocommerce/includes/class-wc-ajax.php(464): WC_Checkout->process_checkout()
#3 /home/bebestam/public_html/wp-includes/class-wp-hook.php(287): WC_AJAX::checkout('')
#4 /home/bebestam/public_html/wp-includes/class-wp-hook.php(311): WP_Hook->apply_filters('', Array)
#5 /home/bebestam/public_html/wp-includes/plugin.php(478): WP_Hook->do_action(Array)
#6 /home/bebestam/public_html/wp-content/plugins/woocommerce/includes/class-wc-ajax.php(89): do_action( in /home/bebestam/public_html/wp-content/plugins/woocommerce-ameria-payment-gateway-pretty-master/woocommerce-ameria-payment-gateway-pretty.php on line 278

2020-05-22T06:11:16+00:00 CRITICAL Uncaught Error: Class 'SoapClient' not found in /home/bebestam/public_html/wp-content/plugins/woocommerce-ameria-payment-gateway-pretty-master/woocommerce-ameria-payment-gateway-pretty.php:278
Stack trace:
#0 /home/bebestam/public_html/wp-content/plugins/woocommerce/includes/class-wc-checkout.php(938): WC_Ameria_Payment_Gateway_Pretty->process_payment(1237)
#1 /home/bebestam/public_html/wp-content/plugins/woocommerce/includes/class-wc-checkout.php(1141): WC_Checkout->process_order_payment(1237, 'WC_Ameria_Payme...')
#2 /home/bebestam/public_html/wp-content/plugins/woocommerce/includes/class-wc-ajax.php(464): WC_Checkout->process_checkout()
#3 /home/bebestam/public_html/wp-includes/class-wp-hook.php(287): WC_AJAX::checkout('')
#4 /home/bebestam/public_html/wp-includes/class-wp-hook.php(311): WP_Hook->apply_filters('', Array)
#5 /home/bebestam/public_html/wp-includes/plugin.php(478): WP_Hook->do_action(Array)
#6 /home/bebestam/public_html/wp-content/plugins/woocommerce/includes/class-wc-ajax.php(89): do_action( in /home/bebestam/public_html/wp-content/plugins/woocommerce-ameria-payment-gateway-pretty-master/woocommerce-ameria-payment-gateway-pretty.php on line 278

2020-05-22T07:24:25+00:00 CRITICAL Uncaught Error: Class 'SoapClient' not found in /home/bebestam/public_html/wp-content/plugins/woocommerce-ameria-payment-gateway-pretty-master/woocommerce-ameria-payment-gateway-pretty.php:278
Stack trace:
#0 /home/bebestam/public_html/wp-content/plugins/woocommerce/includes/class-wc-checkout.php(938): WC_Ameria_Payment_Gateway_Pretty->process_payment(1235)
#1 /home/bebestam/public_html/wp-content/plugins/woocommerce/includes/class-wc-checkout.php(1141): WC_Checkout->process_order_payment(1235, 'WC_Ameria_Payme...')
#2 /home/bebestam/public_html/wp-content/plugins/woocommerce/includes/class-wc-ajax.php(464): WC_Checkout->process_checkout()
#3 /home/bebestam/public_html/wp-includes/class-wp-hook.php(287): WC_AJAX::checkout('')
#4 /home/bebestam/public_html/wp-includes/class-wp-hook.php(311): WP_Hook->apply_filters('', Array)
#5 /home/bebestam/public_html/wp-includes/plugin.php(478): WP_Hook->do_action(Array)
#6 /home/bebestam/public_html/wp-content/plugins/woocommerce/includes/class-wc-ajax.php(89): do_action( in /home/bebestam/public_html/wp-content/plugins/woocommerce-ameria-payment-gateway-pretty-master/woocommerce-ameria-payment-gateway-pretty.php on line 278

2020-05-22T07:29:11+00:00 CRITICAL Uncaught Error: Class 'SoapClient' not found in /home/bebestam/public_html/wp-content/plugins/woocommerce-ameria-payment-gateway-pretty-master/woocommerce-ameria-payment-gateway-pretty.php:278
Stack trace:
#0 /home/bebestam/public_html/wp-content/plugins/woocommerce/includes/class-wc-checkout.php(938): WC_Ameria_Payment_Gateway_Pretty->process_payment(1235)
#1 /home/bebestam/public_html/wp-content/plugins/woocommerce/includes/class-wc-checkout.php(1141): WC_Checkout->process_order_payment(1235, 'WC_Ameria_Payme...')
#2 /home/bebestam/public_html/wp-content/plugins/woocommerce/includes/class-wc-ajax.php(464): WC_Checkout->process_checkout()
#3 /home/bebestam/public_html/wp-includes/class-wp-hook.php(287): WC_AJAX::checkout('')
#4 /home/bebestam/public_html/wp-includes/class-wp-hook.php(311): WP_Hook->apply_filters('', Array)
#5 /home/bebestam/public_html/wp-includes/plugin.php(478): WP_Hook->do_action(Array)
#6 /home/bebestam/public_html/wp-content/plugins/woocommerce/includes/class-wc-ajax.php(89): do_action( in /home/bebestam/public_html/wp-content/plugins/woocommerce-ameria-payment-gateway-pretty-master/woocommerce-ameria-payment-gateway-pretty.php on line 278

2020-05-22T12:10:44+00:00 CRITICAL Uncaught Error: Class 'SoapClient' not found in /home/bebestam/public_html/wp-content/plugins/woocommerce-ameria-payment-gateway-pretty-master/woocommerce-ameria-payment-gateway-pretty.php:278
Stack trace:
#0 /home/bebestam/public_html/wp-content/plugins/woocommerce/includes/class-wc-checkout.php(938): WC_Ameria_Payment_Gateway_Pretty->process_payment(1238)
#1 /home/bebestam/public_html/wp-content/plugins/woocommerce/includes/class-wc-checkout.php(1141): WC_Checkout->process_order_payment(1238, 'WC_Ameria_Payme...')
#2 /home/bebestam/public_html/wp-content/plugins/woocommerce/includes/class-wc-ajax.php(464): WC_Checkout->process_checkout()
#3 /home/bebestam/public_html/wp-includes/class-wp-hook.php(287): WC_AJAX::checkout('')
#4 /home/bebestam/public_html/wp-includes/class-wp-hook.php(311): WP_Hook->apply_filters('', Array)
#5 /home/bebestam/public_html/wp-includes/plugin.php(478): WP_Hook->do_action(Array)
#6 /home/bebestam/public_html/wp-content/plugins/woocommerce/includes/class-wc-ajax.php(89): do_action( in /home/bebestam/public_html/wp-content/plugins/woocommerce-ameria-payment-gateway-pretty-master/woocommerce-ameria-payment-gateway-pretty.php on line 278

2020-05-22T12:39:00+00:00 CRITICAL Uncaught Error: Class 'SoapClient' not found in /home/bebestam/public_html/wp-content/plugins/woocommerce-ameria-payment-gateway-pretty-master/woocommerce-ameria-payment-gateway-pretty.php:278
Stack trace:
#0 /home/bebestam/public_html/wp-content/plugins/woocommerce/includes/class-wc-checkout.php(938): WC_Ameria_Payment_Gateway_Pretty->process_payment(1239)
#1 /home/bebestam/public_html/wp-content/plugins/woocommerce/includes/class-wc-checkout.php(1141): WC_Checkout->process_order_payment(1239, 'WC_Ameria_Payme...')
#2 /home/bebestam/public_html/wp-content/plugins/woocommerce/includes/class-wc-ajax.php(464): WC_Checkout->process_checkout()
#3 /home/bebestam/public_html/wp-includes/class-wp-hook.php(287): WC_AJAX::checkout('')
#4 /home/bebestam/public_html/wp-includes/class-wp-hook.php(311): WP_Hook->apply_filters('', Array)
#5 /home/bebestam/public_html/wp-includes/plugin.php(478): WP_Hook->do_action(Array)
#6 /home/bebestam/public_html/wp-content/plugins/woocommerce/includes/class-wc-ajax.php(89): do_action( in /home/bebestam/public_html/wp-content/plugins/woocommerce-ameria-payment-gateway-pretty-master/woocommerce-ameria-payment-gateway-pretty.php on line 278

2020-05-22T12:44:17+00:00 CRITICAL Uncaught Error: Class 'SoapClient' not found in /home/bebestam/public_html/wp-content/plugins/woocommerce-ameria-payment-gateway-pretty-master/woocommerce-ameria-payment-gateway-pretty.php:278
Stack trace:
#0 /home/bebestam/public_html/wp-content/plugins/woocommerce/includes/class-wc-checkout.php(938): WC_Ameria_Payment_Gateway_Pretty->process_payment(1240)
#1 /home/bebestam/public_html/wp-content/plugins/woocommerce/includes/class-wc-checkout.php(1141): WC_Checkout->process_order_payment(1240, 'WC_Ameria_Payme...')
#2 /home/bebestam/public_html/wp-content/plugins/woocommerce/includes/class-wc-ajax.php(464): WC_Checkout->process_checkout()
#3 /home/bebestam/public_html/wp-includes/class-wp-hook.php(287): WC_AJAX::checkout('')
#4 /home/bebestam/public_html/wp-includes/class-wp-hook.php(311): WP_Hook->apply_filters('', Array)
#5 /home/bebestam/public_html/wp-includes/plugin.php(478): WP_Hook->do_action(Array)
#6 /home/bebestam/public_html/wp-content/plugins/woocommerce/includes/class-wc-ajax.php(89): do_action( in /home/bebestam/public_html/wp-content/plugins/woocommerce-ameria-payment-gateway-pretty-master/woocommerce-ameria-payment-gateway-pretty.php on line 278

