2020-05-21T13:13:09+00:00 CRITICAL Uncaught Error: Class 'SoapClient' not found in /home/bebestam/public_html/wp-content/plugins/woocommerce-ameria-payment-gateway-pretty-master/woocommerce-ameria-payment-gateway-pretty.php:278
Stack trace:
#0 /home/bebestam/public_html/wp-content/plugins/woocommerce/includes/class-wc-checkout.php(938): WC_Ameria_Payment_Gateway_Pretty->process_payment(1223)
#1 /home/bebestam/public_html/wp-content/plugins/woocommerce/includes/class-wc-checkout.php(1141): WC_Checkout->process_order_payment(1223, 'WC_Ameria_Payme...')
#2 /home/bebestam/public_html/wp-content/plugins/woocommerce/includes/class-wc-ajax.php(464): WC_Checkout->process_checkout()
#3 /home/bebestam/public_html/wp-includes/class-wp-hook.php(287): WC_AJAX::checkout('')
#4 /home/bebestam/public_html/wp-includes/class-wp-hook.php(311): WP_Hook->apply_filters('', Array)
#5 /home/bebestam/public_html/wp-includes/plugin.php(478): WP_Hook->do_action(Array)
#6 /home/bebestam/public_html/wp-content/plugins/woocommerce/includes/class-wc-ajax.php(89): do_action( in /home/bebestam/public_html/wp-content/plugins/woocommerce-ameria-payment-gateway-pretty-master/woocommerce-ameria-payment-gateway-pretty.php on line 278

2020-05-21T13:14:33+00:00 CRITICAL Uncaught Error: Class 'SoapClient' not found in /home/bebestam/public_html/wp-content/plugins/woocommerce-ameria-payment-gateway-pretty-master/woocommerce-ameria-payment-gateway-pretty.php:278
Stack trace:
#0 /home/bebestam/public_html/wp-content/plugins/woocommerce/includes/class-wc-checkout.php(938): WC_Ameria_Payment_Gateway_Pretty->process_payment(1223)
#1 /home/bebestam/public_html/wp-content/plugins/woocommerce/includes/class-wc-checkout.php(1141): WC_Checkout->process_order_payment(1223, 'WC_Ameria_Payme...')
#2 /home/bebestam/public_html/wp-content/plugins/woocommerce/includes/class-wc-ajax.php(464): WC_Checkout->process_checkout()
#3 /home/bebestam/public_html/wp-includes/class-wp-hook.php(287): WC_AJAX::checkout('')
#4 /home/bebestam/public_html/wp-includes/class-wp-hook.php(311): WP_Hook->apply_filters('', Array)
#5 /home/bebestam/public_html/wp-includes/plugin.php(478): WP_Hook->do_action(Array)
#6 /home/bebestam/public_html/wp-content/plugins/woocommerce/includes/class-wc-ajax.php(89): do_action( in /home/bebestam/public_html/wp-content/plugins/woocommerce-ameria-payment-gateway-pretty-master/woocommerce-ameria-payment-gateway-pretty.php on line 278

2020-05-21T13:15:58+00:00 CRITICAL Uncaught Error: Class 'SoapClient' not found in /home/bebestam/public_html/wp-content/plugins/woocommerce-ameria-payment-gateway-pretty-master/woocommerce-ameria-payment-gateway-pretty.php:278
Stack trace:
#0 /home/bebestam/public_html/wp-content/plugins/woocommerce/includes/class-wc-checkout.php(938): WC_Ameria_Payment_Gateway_Pretty->process_payment(1224)
#1 /home/bebestam/public_html/wp-content/plugins/woocommerce/includes/class-wc-checkout.php(1141): WC_Checkout->process_order_payment(1224, 'WC_Ameria_Payme...')
#2 /home/bebestam/public_html/wp-content/plugins/woocommerce/includes/class-wc-ajax.php(464): WC_Checkout->process_checkout()
#3 /home/bebestam/public_html/wp-includes/class-wp-hook.php(287): WC_AJAX::checkout('')
#4 /home/bebestam/public_html/wp-includes/class-wp-hook.php(311): WP_Hook->apply_filters('', Array)
#5 /home/bebestam/public_html/wp-includes/plugin.php(478): WP_Hook->do_action(Array)
#6 /home/bebestam/public_html/wp-content/plugins/woocommerce/includes/class-wc-ajax.php(89): do_action( in /home/bebestam/public_html/wp-content/plugins/woocommerce-ameria-payment-gateway-pretty-master/woocommerce-ameria-payment-gateway-pretty.php on line 278

2020-05-21T13:29:00+00:00 CRITICAL Uncaught Error: Class 'SoapClient' not found in /home/bebestam/public_html/wp-content/plugins/woocommerce-ameria-payment-gateway-pretty-master/woocommerce-ameria-payment-gateway-pretty.php:278
Stack trace:
#0 /home/bebestam/public_html/wp-content/plugins/woocommerce/includes/class-wc-checkout.php(938): WC_Ameria_Payment_Gateway_Pretty->process_payment(1224)
#1 /home/bebestam/public_html/wp-content/plugins/woocommerce/includes/class-wc-checkout.php(1141): WC_Checkout->process_order_payment(1224, 'WC_Ameria_Payme...')
#2 /home/bebestam/public_html/wp-content/plugins/woocommerce/includes/class-wc-ajax.php(464): WC_Checkout->process_checkout()
#3 /home/bebestam/public_html/wp-includes/class-wp-hook.php(287): WC_AJAX::checkout('')
#4 /home/bebestam/public_html/wp-includes/class-wp-hook.php(311): WP_Hook->apply_filters('', Array)
#5 /home/bebestam/public_html/wp-includes/plugin.php(478): WP_Hook->do_action(Array)
#6 /home/bebestam/public_html/wp-content/plugins/woocommerce/includes/class-wc-ajax.php(89): do_action( in /home/bebestam/public_html/wp-content/plugins/woocommerce-ameria-payment-gateway-pretty-master/woocommerce-ameria-payment-gateway-pretty.php on line 278

2020-05-21T13:38:08+00:00 CRITICAL Uncaught Error: Class 'SoapClient' not found in /home/bebestam/public_html/wp-content/plugins/woocommerce-ameria-payment-gateway-pretty-master/woocommerce-ameria-payment-gateway-pretty.php:278
Stack trace:
#0 /home/bebestam/public_html/wp-content/plugins/woocommerce/includes/class-wc-checkout.php(938): WC_Ameria_Payment_Gateway_Pretty->process_payment(1224)
#1 /home/bebestam/public_html/wp-content/plugins/woocommerce/includes/class-wc-checkout.php(1141): WC_Checkout->process_order_payment(1224, 'WC_Ameria_Payme...')
#2 /home/bebestam/public_html/wp-content/plugins/woocommerce/includes/class-wc-ajax.php(464): WC_Checkout->process_checkout()
#3 /home/bebestam/public_html/wp-includes/class-wp-hook.php(287): WC_AJAX::checkout('')
#4 /home/bebestam/public_html/wp-includes/class-wp-hook.php(311): WP_Hook->apply_filters('', Array)
#5 /home/bebestam/public_html/wp-includes/plugin.php(478): WP_Hook->do_action(Array)
#6 /home/bebestam/public_html/wp-content/plugins/woocommerce/includes/class-wc-ajax.php(89): do_action( in /home/bebestam/public_html/wp-content/plugins/woocommerce-ameria-payment-gateway-pretty-master/woocommerce-ameria-payment-gateway-pretty.php on line 278

2020-05-21T15:06:25+00:00 CRITICAL Uncaught Error: Class 'SoapClient' not found in /home/bebestam/public_html/wp-content/plugins/woocommerce-ameria-payment-gateway-pretty-master/woocommerce-ameria-payment-gateway-pretty.php:278
Stack trace:
#0 /home/bebestam/public_html/wp-content/plugins/woocommerce/includes/class-wc-checkout.php(938): WC_Ameria_Payment_Gateway_Pretty->process_payment(1225)
#1 /home/bebestam/public_html/wp-content/plugins/woocommerce/includes/class-wc-checkout.php(1141): WC_Checkout->process_order_payment(1225, 'WC_Ameria_Payme...')
#2 /home/bebestam/public_html/wp-content/plugins/woocommerce/includes/class-wc-ajax.php(464): WC_Checkout->process_checkout()
#3 /home/bebestam/public_html/wp-includes/class-wp-hook.php(287): WC_AJAX::checkout('')
#4 /home/bebestam/public_html/wp-includes/class-wp-hook.php(311): WP_Hook->apply_filters('', Array)
#5 /home/bebestam/public_html/wp-includes/plugin.php(478): WP_Hook->do_action(Array)
#6 /home/bebestam/public_html/wp-content/plugins/woocommerce/includes/class-wc-ajax.php(89): do_action( in /home/bebestam/public_html/wp-content/plugins/woocommerce-ameria-payment-gateway-pretty-master/woocommerce-ameria-payment-gateway-pretty.php on line 278

2020-05-21T15:09:14+00:00 CRITICAL Uncaught Error: Class 'SoapClient' not found in /home/bebestam/public_html/wp-content/plugins/woocommerce-ameria-payment-gateway-pretty-master/woocommerce-ameria-payment-gateway-pretty.php:278
Stack trace:
#0 /home/bebestam/public_html/wp-content/plugins/woocommerce/includes/class-wc-checkout.php(938): WC_Ameria_Payment_Gateway_Pretty->process_payment(1225)
#1 /home/bebestam/public_html/wp-content/plugins/woocommerce/includes/class-wc-checkout.php(1141): WC_Checkout->process_order_payment(1225, 'WC_Ameria_Payme...')
#2 /home/bebestam/public_html/wp-content/plugins/woocommerce/includes/class-wc-ajax.php(464): WC_Checkout->process_checkout()
#3 /home/bebestam/public_html/wp-includes/class-wp-hook.php(287): WC_AJAX::checkout('')
#4 /home/bebestam/public_html/wp-includes/class-wp-hook.php(311): WP_Hook->apply_filters('', Array)
#5 /home/bebestam/public_html/wp-includes/plugin.php(478): WP_Hook->do_action(Array)
#6 /home/bebestam/public_html/wp-content/plugins/woocommerce/includes/class-wc-ajax.php(89): do_action( in /home/bebestam/public_html/wp-content/plugins/woocommerce-ameria-payment-gateway-pretty-master/woocommerce-ameria-payment-gateway-pretty.php on line 278

2020-05-21T15:09:21+00:00 CRITICAL Uncaught Error: Class 'SoapClient' not found in /home/bebestam/public_html/wp-content/plugins/woocommerce-ameria-payment-gateway-pretty-master/woocommerce-ameria-payment-gateway-pretty.php:278
Stack trace:
#0 /home/bebestam/public_html/wp-content/plugins/woocommerce/includes/class-wc-checkout.php(938): WC_Ameria_Payment_Gateway_Pretty->process_payment(1225)
#1 /home/bebestam/public_html/wp-content/plugins/woocommerce/includes/class-wc-checkout.php(1141): WC_Checkout->process_order_payment(1225, 'WC_Ameria_Payme...')
#2 /home/bebestam/public_html/wp-content/plugins/woocommerce/includes/class-wc-ajax.php(464): WC_Checkout->process_checkout()
#3 /home/bebestam/public_html/wp-includes/class-wp-hook.php(287): WC_AJAX::checkout('')
#4 /home/bebestam/public_html/wp-includes/class-wp-hook.php(311): WP_Hook->apply_filters('', Array)
#5 /home/bebestam/public_html/wp-includes/plugin.php(478): WP_Hook->do_action(Array)
#6 /home/bebestam/public_html/wp-content/plugins/woocommerce/includes/class-wc-ajax.php(89): do_action( in /home/bebestam/public_html/wp-content/plugins/woocommerce-ameria-payment-gateway-pretty-master/woocommerce-ameria-payment-gateway-pretty.php on line 278

2020-05-21T15:11:07+00:00 CRITICAL Uncaught Error: Class 'SoapClient' not found in /home/bebestam/public_html/wp-content/plugins/woocommerce-ameria-payment-gateway-pretty-master/woocommerce-ameria-payment-gateway-pretty.php:278
Stack trace:
#0 /home/bebestam/public_html/wp-content/plugins/woocommerce/includes/class-wc-checkout.php(938): WC_Ameria_Payment_Gateway_Pretty->process_payment(1226)
#1 /home/bebestam/public_html/wp-content/plugins/woocommerce/includes/class-wc-checkout.php(1141): WC_Checkout->process_order_payment(1226, 'WC_Ameria_Payme...')
#2 /home/bebestam/public_html/wp-content/plugins/woocommerce/includes/class-wc-ajax.php(464): WC_Checkout->process_checkout()
#3 /home/bebestam/public_html/wp-includes/class-wp-hook.php(287): WC_AJAX::checkout('')
#4 /home/bebestam/public_html/wp-includes/class-wp-hook.php(311): WP_Hook->apply_filters('', Array)
#5 /home/bebestam/public_html/wp-includes/plugin.php(478): WP_Hook->do_action(Array)
#6 /home/bebestam/public_html/wp-content/plugins/woocommerce/includes/class-wc-ajax.php(89): do_action( in /home/bebestam/public_html/wp-content/plugins/woocommerce-ameria-payment-gateway-pretty-master/woocommerce-ameria-payment-gateway-pretty.php on line 278

2020-05-21T15:21:35+00:00 CRITICAL Uncaught Error: Class 'SoapClient' not found in /home/bebestam/public_html/wp-content/plugins/woocommerce-ameria-payment-gateway-pretty-master/woocommerce-ameria-payment-gateway-pretty.php:278
Stack trace:
#0 /home/bebestam/public_html/wp-content/plugins/woocommerce/includes/class-wc-checkout.php(938): WC_Ameria_Payment_Gateway_Pretty->process_payment(1225)
#1 /home/bebestam/public_html/wp-content/plugins/woocommerce/includes/class-wc-checkout.php(1141): WC_Checkout->process_order_payment(1225, 'WC_Ameria_Payme...')
#2 /home/bebestam/public_html/wp-content/plugins/woocommerce/includes/class-wc-ajax.php(464): WC_Checkout->process_checkout()
#3 /home/bebestam/public_html/wp-includes/class-wp-hook.php(287): WC_AJAX::checkout('')
#4 /home/bebestam/public_html/wp-includes/class-wp-hook.php(311): WP_Hook->apply_filters('', Array)
#5 /home/bebestam/public_html/wp-includes/plugin.php(478): WP_Hook->do_action(Array)
#6 /home/bebestam/public_html/wp-content/plugins/woocommerce/includes/class-wc-ajax.php(89): do_action( in /home/bebestam/public_html/wp-content/plugins/woocommerce-ameria-payment-gateway-pretty-master/woocommerce-ameria-payment-gateway-pretty.php on line 278

2020-05-21T15:21:42+00:00 CRITICAL Uncaught Error: Class 'SoapClient' not found in /home/bebestam/public_html/wp-content/plugins/woocommerce-ameria-payment-gateway-pretty-master/woocommerce-ameria-payment-gateway-pretty.php:278
Stack trace:
#0 /home/bebestam/public_html/wp-content/plugins/woocommerce/includes/class-wc-checkout.php(938): WC_Ameria_Payment_Gateway_Pretty->process_payment(1225)
#1 /home/bebestam/public_html/wp-content/plugins/woocommerce/includes/class-wc-checkout.php(1141): WC_Checkout->process_order_payment(1225, 'WC_Ameria_Payme...')
#2 /home/bebestam/public_html/wp-content/plugins/woocommerce/includes/class-wc-ajax.php(464): WC_Checkout->process_checkout()
#3 /home/bebestam/public_html/wp-includes/class-wp-hook.php(287): WC_AJAX::checkout('')
#4 /home/bebestam/public_html/wp-includes/class-wp-hook.php(311): WP_Hook->apply_filters('', Array)
#5 /home/bebestam/public_html/wp-includes/plugin.php(478): WP_Hook->do_action(Array)
#6 /home/bebestam/public_html/wp-content/plugins/woocommerce/includes/class-wc-ajax.php(89): do_action( in /home/bebestam/public_html/wp-content/plugins/woocommerce-ameria-payment-gateway-pretty-master/woocommerce-ameria-payment-gateway-pretty.php on line 278

2020-05-21T17:52:51+00:00 CRITICAL Uncaught Error: Class 'SoapClient' not found in /home/bebestam/public_html/wp-content/plugins/woocommerce-ameria-payment-gateway-pretty-master/woocommerce-ameria-payment-gateway-pretty.php:278
Stack trace:
#0 /home/bebestam/public_html/wp-content/plugins/woocommerce/includes/class-wc-checkout.php(938): WC_Ameria_Payment_Gateway_Pretty->process_payment(1233)
#1 /home/bebestam/public_html/wp-content/plugins/woocommerce/includes/class-wc-checkout.php(1141): WC_Checkout->process_order_payment(1233, 'WC_Ameria_Payme...')
#2 /home/bebestam/public_html/wp-content/plugins/woocommerce/includes/class-wc-ajax.php(464): WC_Checkout->process_checkout()
#3 /home/bebestam/public_html/wp-includes/class-wp-hook.php(287): WC_AJAX::checkout('')
#4 /home/bebestam/public_html/wp-includes/class-wp-hook.php(311): WP_Hook->apply_filters('', Array)
#5 /home/bebestam/public_html/wp-includes/plugin.php(478): WP_Hook->do_action(Array)
#6 /home/bebestam/public_html/wp-content/plugins/woocommerce/includes/class-wc-ajax.php(89): do_action( in /home/bebestam/public_html/wp-content/plugins/woocommerce-ameria-payment-gateway-pretty-master/woocommerce-ameria-payment-gateway-pretty.php on line 278

