2020-05-19T15:09:45+00:00 CRITICAL Uncaught Error: Class 'SoapClient' not found in /home/bebestam/public_html/wp-content/plugins/woocommerce-ameria-payment-gateway-pretty-master/woocommerce-ameria-payment-gateway-pretty.php:278
Stack trace:
#0 /home/bebestam/public_html/wp-content/plugins/woocommerce/includes/class-wc-checkout.php(938): WC_Ameria_Payment_Gateway_Pretty->process_payment(1220)
#1 /home/bebestam/public_html/wp-content/plugins/woocommerce/includes/class-wc-checkout.php(1141): WC_Checkout->process_order_payment(1220, 'WC_Ameria_Payme...')
#2 /home/bebestam/public_html/wp-content/plugins/woocommerce/includes/class-wc-ajax.php(464): WC_Checkout->process_checkout()
#3 /home/bebestam/public_html/wp-includes/class-wp-hook.php(287): WC_AJAX::checkout('')
#4 /home/bebestam/public_html/wp-includes/class-wp-hook.php(311): WP_Hook->apply_filters('', Array)
#5 /home/bebestam/public_html/wp-includes/plugin.php(478): WP_Hook->do_action(Array)
#6 /home/bebestam/public_html/wp-content/plugins/woocommerce/includes/class-wc-ajax.php(89): do_action( in /home/bebestam/public_html/wp-content/plugins/woocommerce-ameria-payment-gateway-pretty-master/woocommerce-ameria-payment-gateway-pretty.php on line 278

2020-05-19T15:24:31+00:00 CRITICAL Uncaught Error: Class 'SoapClient' not found in /home/bebestam/public_html/wp-content/plugins/woocommerce-ameria-payment-gateway-pretty-master/woocommerce-ameria-payment-gateway-pretty.php:278
Stack trace:
#0 /home/bebestam/public_html/wp-content/plugins/woocommerce/includes/class-wc-checkout.php(938): WC_Ameria_Payment_Gateway_Pretty->process_payment(1220)
#1 /home/bebestam/public_html/wp-content/plugins/woocommerce/includes/class-wc-checkout.php(1141): WC_Checkout->process_order_payment(1220, 'WC_Ameria_Payme...')
#2 /home/bebestam/public_html/wp-content/plugins/woocommerce/includes/class-wc-ajax.php(464): WC_Checkout->process_checkout()
#3 /home/bebestam/public_html/wp-includes/class-wp-hook.php(287): WC_AJAX::checkout('')
#4 /home/bebestam/public_html/wp-includes/class-wp-hook.php(311): WP_Hook->apply_filters('', Array)
#5 /home/bebestam/public_html/wp-includes/plugin.php(478): WP_Hook->do_action(Array)
#6 /home/bebestam/public_html/wp-content/plugins/woocommerce/includes/class-wc-ajax.php(89): do_action( in /home/bebestam/public_html/wp-content/plugins/woocommerce-ameria-payment-gateway-pretty-master/woocommerce-ameria-payment-gateway-pretty.php on line 278

2020-05-19T15:30:27+00:00 CRITICAL Uncaught Error: Class 'SoapClient' not found in /home/bebestam/public_html/wp-content/plugins/woocommerce-ameria-payment-gateway-pretty-master/woocommerce-ameria-payment-gateway-pretty.php:278
Stack trace:
#0 /home/bebestam/public_html/wp-content/plugins/woocommerce/includes/class-wc-checkout.php(938): WC_Ameria_Payment_Gateway_Pretty->process_payment(1220)
#1 /home/bebestam/public_html/wp-content/plugins/woocommerce/includes/class-wc-checkout.php(1141): WC_Checkout->process_order_payment(1220, 'WC_Ameria_Payme...')
#2 /home/bebestam/public_html/wp-content/plugins/woocommerce/includes/class-wc-ajax.php(464): WC_Checkout->process_checkout()
#3 /home/bebestam/public_html/wp-includes/class-wp-hook.php(287): WC_AJAX::checkout('')
#4 /home/bebestam/public_html/wp-includes/class-wp-hook.php(311): WP_Hook->apply_filters('', Array)
#5 /home/bebestam/public_html/wp-includes/plugin.php(478): WP_Hook->do_action(Array)
#6 /home/bebestam/public_html/wp-content/plugins/woocommerce/includes/class-wc-ajax.php(89): do_action( in /home/bebestam/public_html/wp-content/plugins/woocommerce-ameria-payment-gateway-pretty-master/woocommerce-ameria-payment-gateway-pretty.php on line 278

2020-05-19T15:32:11+00:00 CRITICAL Uncaught Error: Class 'SoapClient' not found in /home/bebestam/public_html/wp-content/plugins/woocommerce-ameria-payment-gateway-pretty-master/woocommerce-ameria-payment-gateway-pretty.php:278
Stack trace:
#0 /home/bebestam/public_html/wp-content/plugins/woocommerce/includes/class-wc-checkout.php(938): WC_Ameria_Payment_Gateway_Pretty->process_payment(1220)
#1 /home/bebestam/public_html/wp-content/plugins/woocommerce/includes/class-wc-checkout.php(1141): WC_Checkout->process_order_payment(1220, 'WC_Ameria_Payme...')
#2 /home/bebestam/public_html/wp-content/plugins/woocommerce/includes/class-wc-ajax.php(464): WC_Checkout->process_checkout()
#3 /home/bebestam/public_html/wp-includes/class-wp-hook.php(287): WC_AJAX::checkout('')
#4 /home/bebestam/public_html/wp-includes/class-wp-hook.php(311): WP_Hook->apply_filters('', Array)
#5 /home/bebestam/public_html/wp-includes/plugin.php(478): WP_Hook->do_action(Array)
#6 /home/bebestam/public_html/wp-content/plugins/woocommerce/includes/class-wc-ajax.php(89): do_action( in /home/bebestam/public_html/wp-content/plugins/woocommerce-ameria-payment-gateway-pretty-master/woocommerce-ameria-payment-gateway-pretty.php on line 278

2020-05-19T15:32:50+00:00 CRITICAL Uncaught Error: Class 'SoapClient' not found in /home/bebestam/public_html/wp-content/plugins/woocommerce-ameria-payment-gateway-pretty-master/woocommerce-ameria-payment-gateway-pretty.php:278
Stack trace:
#0 /home/bebestam/public_html/wp-content/plugins/woocommerce/includes/class-wc-checkout.php(938): WC_Ameria_Payment_Gateway_Pretty->process_payment(1220)
#1 /home/bebestam/public_html/wp-content/plugins/woocommerce/includes/class-wc-checkout.php(1141): WC_Checkout->process_order_payment(1220, 'WC_Ameria_Payme...')
#2 /home/bebestam/public_html/wp-content/plugins/woocommerce/includes/class-wc-ajax.php(464): WC_Checkout->process_checkout()
#3 /home/bebestam/public_html/wp-includes/class-wp-hook.php(287): WC_AJAX::checkout('')
#4 /home/bebestam/public_html/wp-includes/class-wp-hook.php(311): WP_Hook->apply_filters('', Array)
#5 /home/bebestam/public_html/wp-includes/plugin.php(478): WP_Hook->do_action(Array)
#6 /home/bebestam/public_html/wp-content/plugins/woocommerce/includes/class-wc-ajax.php(89): do_action( in /home/bebestam/public_html/wp-content/plugins/woocommerce-ameria-payment-gateway-pretty-master/woocommerce-ameria-payment-gateway-pretty.php on line 278

2020-05-19T15:35:53+00:00 CRITICAL Uncaught Error: Class 'SoapClient' not found in /home/bebestam/public_html/wp-content/plugins/woocommerce-ameria-payment-gateway-pretty-master/woocommerce-ameria-payment-gateway-pretty.php:278
Stack trace:
#0 /home/bebestam/public_html/wp-content/plugins/woocommerce/includes/class-wc-checkout.php(938): WC_Ameria_Payment_Gateway_Pretty->process_payment(1221)
#1 /home/bebestam/public_html/wp-content/plugins/woocommerce/includes/class-wc-checkout.php(1141): WC_Checkout->process_order_payment(1221, 'WC_Ameria_Payme...')
#2 /home/bebestam/public_html/wp-content/plugins/woocommerce/includes/class-wc-ajax.php(464): WC_Checkout->process_checkout()
#3 /home/bebestam/public_html/wp-includes/class-wp-hook.php(287): WC_AJAX::checkout('')
#4 /home/bebestam/public_html/wp-includes/class-wp-hook.php(311): WP_Hook->apply_filters('', Array)
#5 /home/bebestam/public_html/wp-includes/plugin.php(478): WP_Hook->do_action(Array)
#6 /home/bebestam/public_html/wp-content/plugins/woocommerce/includes/class-wc-ajax.php(89): do_action( in /home/bebestam/public_html/wp-content/plugins/woocommerce-ameria-payment-gateway-pretty-master/woocommerce-ameria-payment-gateway-pretty.php on line 278

2020-05-19T15:40:50+00:00 CRITICAL Uncaught Error: Class 'SoapClient' not found in /home/bebestam/public_html/wp-content/plugins/woocommerce-ameria-payment-gateway-pretty-master/woocommerce-ameria-payment-gateway-pretty.php:278
Stack trace:
#0 /home/bebestam/public_html/wp-content/plugins/woocommerce/includes/class-wc-checkout.php(938): WC_Ameria_Payment_Gateway_Pretty->process_payment(1221)
#1 /home/bebestam/public_html/wp-content/plugins/woocommerce/includes/class-wc-checkout.php(1141): WC_Checkout->process_order_payment(1221, 'WC_Ameria_Payme...')
#2 /home/bebestam/public_html/wp-content/plugins/woocommerce/includes/class-wc-ajax.php(464): WC_Checkout->process_checkout()
#3 /home/bebestam/public_html/wp-includes/class-wp-hook.php(287): WC_AJAX::checkout('')
#4 /home/bebestam/public_html/wp-includes/class-wp-hook.php(311): WP_Hook->apply_filters('', Array)
#5 /home/bebestam/public_html/wp-includes/plugin.php(478): WP_Hook->do_action(Array)
#6 /home/bebestam/public_html/wp-content/plugins/woocommerce/includes/class-wc-ajax.php(89): do_action( in /home/bebestam/public_html/wp-content/plugins/woocommerce-ameria-payment-gateway-pretty-master/woocommerce-ameria-payment-gateway-pretty.php on line 278

2020-05-19T15:41:58+00:00 CRITICAL Uncaught Error: Class 'SoapClient' not found in /home/bebestam/public_html/wp-content/plugins/woocommerce-ameria-payment-gateway-pretty-master/woocommerce-ameria-payment-gateway-pretty.php:278
Stack trace:
#0 /home/bebestam/public_html/wp-content/plugins/woocommerce/includes/class-wc-checkout.php(938): WC_Ameria_Payment_Gateway_Pretty->process_payment(1221)
#1 /home/bebestam/public_html/wp-content/plugins/woocommerce/includes/class-wc-checkout.php(1141): WC_Checkout->process_order_payment(1221, 'WC_Ameria_Payme...')
#2 /home/bebestam/public_html/wp-content/plugins/woocommerce/includes/class-wc-ajax.php(464): WC_Checkout->process_checkout()
#3 /home/bebestam/public_html/wp-includes/class-wp-hook.php(287): WC_AJAX::checkout('')
#4 /home/bebestam/public_html/wp-includes/class-wp-hook.php(311): WP_Hook->apply_filters('', Array)
#5 /home/bebestam/public_html/wp-includes/plugin.php(478): WP_Hook->do_action(Array)
#6 /home/bebestam/public_html/wp-content/plugins/woocommerce/includes/class-wc-ajax.php(89): do_action( in /home/bebestam/public_html/wp-content/plugins/woocommerce-ameria-payment-gateway-pretty-master/woocommerce-ameria-payment-gateway-pretty.php on line 278

